<?xml version="1.0" encoding="UTF-8"?>
<!-- Generated by org.testng.reporters.JUnitXMLReporter -->
<testsuite ignored="1" hostname="Ajays-MacBook-Air.local" failures="0" tests="1" name="Default test" time="16.076" errors="0" timestamp="2022-03-07T11:01:30 IST">
  <testcase classname="com.mphasis.testcases.LoginPageTest" name="validateLoginTest" time="15.891"/>
  <testcase classname="com.mphasis.testcases.LoginPageTest" name="validateTitleTest" time="0.0">
    <ignored/>
  </testcase> <!-- validateTitleTest -->
</testsuite> <!-- Default test -->
