<?xml version="1.0" encoding="UTF-8"?>
<testng-results ignored="1" total="2" passed="1" failed="0" skipped="0">
  <reporter-output>
  </reporter-output>
  <suite started-at="2022-03-07T15:58:33 IST" name="Default suite" finished-at="2022-03-07T15:58:45 IST" duration-ms="12066">
    <groups>
    </groups>
    <test started-at="2022-03-07T15:58:33 IST" name="Default test" finished-at="2022-03-07T15:58:45 IST" duration-ms="12066">
      <class name="com.mphasis.testcases.LoginPageTest">
        <test-method is-config="true" signature="setUp()[pri:0, instance:com.mphasis.testcases.LoginPageTest@309e345f]" started-at="2022-03-07T15:58:33 IST" name="setUp" finished-at="2022-03-07T15:58:45 IST" duration-ms="11676" status="PASS">
          <reporter-output>
          </reporter-output>
        </test-method> <!-- setUp -->
        <test-method signature="validateTitleTest()[pri:0, instance:com.mphasis.testcases.LoginPageTest@309e345f]" started-at="2022-03-07T15:58:45 IST" name="validateTitleTest" finished-at="2022-03-07T15:58:45 IST" duration-ms="22" status="PASS">
          <reporter-output>
          </reporter-output>
        </test-method> <!-- validateTitleTest -->
        <test-method is-config="true" signature="closeSetUp()[pri:0, instance:com.mphasis.testcases.LoginPageTest@309e345f]" started-at="2022-03-07T15:58:45 IST" name="closeSetUp" finished-at="2022-03-07T15:58:45 IST" duration-ms="230" status="PASS">
          <reporter-output>
          </reporter-output>
        </test-method> <!-- closeSetUp -->
      </class> <!-- com.mphasis.testcases.LoginPageTest -->
    </test> <!-- Default test -->
  </suite> <!-- Default suite -->
</testng-results>
