<?xml version="1.0" encoding="UTF-8"?>
<testng-results ignored="1" total="2" passed="1" failed="0" skipped="0">
  <reporter-output>
  </reporter-output>
  <suite started-at="2022-03-07T11:01:09 IST" name="Default suite" finished-at="2022-03-07T11:01:25 IST" duration-ms="16076">
    <groups>
    </groups>
    <test started-at="2022-03-07T11:01:09 IST" name="Default test" finished-at="2022-03-07T11:01:25 IST" duration-ms="16076">
      <class name="com.mphasis.testcases.LoginPageTest">
        <test-method signature="validateLoginTest()[pri:0, instance:com.mphasis.testcases.LoginPageTest@2805c96b]" started-at="2022-03-07T11:01:09 IST" name="validateLoginTest" finished-at="2022-03-07T11:01:25 IST" duration-ms="15891" status="PASS">
          <reporter-output>
          </reporter-output>
        </test-method> <!-- validateLoginTest -->
      </class> <!-- com.mphasis.testcases.LoginPageTest -->
    </test> <!-- Default test -->
  </suite> <!-- Default suite -->
</testng-results>
