<?xml version="1.0" encoding="UTF-8"?>
<!-- Generated by org.testng.reporters.JUnitXMLReporter -->
<testsuite ignored="0" hostname="Ajays-MacBook-Air.local" failures="0" tests="2" name="Sanity Testing" time="23.914" errors="0" timestamp="2022-03-07T15:47:20 IST">
  <testcase classname="com.mphasis.testcases.LoginPageTest" name="validateLoginTest" time="4.376"/>
  <testcase classname="com.mphasis.testcases.LoginPageTest" name="validateTitleTest" time="0.018"/>
</testsuite> <!-- Sanity Testing -->
